{"/Users/Victor/Documents/Projects/Shipped-suite-sdk-rn/src/WidgetView.tsx": {"path":"/Users/Victor/Documents/Projects/Shipped-suite-sdk-rn/src/WidgetView.tsx","statementMap":{"0":{"start":{"line":40,"column":21},"end":{"line":40,"column":76}},"1":{"start":{"line":45,"column":4},"end":{"line":74,"column":1}},"2":{"start":{"line":46,"column":57},"end":{"line":46,"column":62}},"3":{"start":{"line":47,"column":20},"end":{"line":47,"column":37}},"4":{"start":{"line":49,"column":27},"end":{"line":55,"column":3}},"5":{"start":{"line":50,"column":4},"end":{"line":54,"column":6}},"6":{"start":{"line":57,"column":2},"end":{"line":63,"column":4}},"7":{"start":{"line":59,"column":11},"end":{"line":61,"column":5}},"8":{"start":{"line":65,"column":2},"end":{"line":73,"column":4}},"9":{"start":{"line":76,"column":26},"end":{"line":76,"column":49}}},"fnMap":{"0":{"name":"(anonymous_0)","decl":{"start":{"line":45,"column":4},"end":{"line":45,"column":5}},"loc":{"start":{"line":45,"column":20},"end":{"line":74,"column":1}},"line":45},"1":{"name":"(anonymous_1)","decl":{"start":{"line":49,"column":27},"end":{"line":49,"column":28}},"loc":{"start":{"line":49,"column":47},"end":{"line":55,"column":3}},"line":49},"2":{"name":"(anonymous_2)","decl":{"start":{"line":59,"column":4},"end":{"line":59,"column":5}},"loc":{"start":{"line":59,"column":11},"end":{"line":61,"column":5}},"line":59}},"branchMap":{},"s":{"0":1,"1":1,"2":1,"3":1,"4":1,"5":0,"6":1,"7":0,"8":1,"9":1},"f":{"0":1,"1":0,"2":0},"b":{},"_coverageSchema":"1a1c01bbd47fc00a2c39e90264f33305004495a9","hash":"3095fc5c576ea12a209861730f0c8dc183d82870"}
}
